Build started 3/31/2012 4:55:54 PM.
Project "C:\Source Code\MessMyPhoto\MessEngine\MessEngine.vcxproj" on node 2 (build target(s)).
InitializeBuildStatus:
  Creating "Debug\MessEngine.unsuccessfulbuild" because "AlwaysCreate" was specified.
ClCompile:
  All outputs are up-to-date.
  c:\Program Files (x86)\Microsoft Visual Studio 10.0\VC\bin\CL.exe /c /ZI /nologo /W3 /WX- /Od /Ob0 /Oy- /D WIN32 /D _DEBUG /D _WINDOWS /D _USRDLL /D MESSENGINE_EXPORTS /D _WINDLL /D _UNICODE /D UNICODE /Gm- /EHsc /RTC1 /MDd /GS /fp:precise /Zc:wchar_t /Zc:forScope /Yc"StdAfx.h" /Fp"Debug\MessEngine.pch" /Fo"Debug\\" /Fd"Debug\vc100.pdb" /Gd /TP /analyze- /errorReport:prompt stdafx.cpp
  stdafx.cpp
c:\opencv2.3\build\include\opencv2\flann\logger.h(70): warning C4996: 'fopen': This function or variable may be unsafe. Consider using fopen_s instead. To disable deprecation, use _CRT_SECURE_NO_WARNINGS. See online help for details.
          c:\program files (x86)\microsoft visual studio 10.0\vc\include\stdio.h(234) : see declaration of 'fopen'
  c:\Program Files (x86)\Microsoft Visual Studio 10.0\VC\bin\CL.exe /c /ZI /nologo /W3 /WX- /Od /Ob0 /Oy- /D WIN32 /D _DEBUG /D _WINDOWS /D _USRDLL /D MESSENGINE_EXPORTS /D _WINDLL /D _UNICODE /D UNICODE /Gm- /EHsc /RTC1 /MDd /GS /fp:precise /Zc:wchar_t /Zc:forScope /Yu"StdAfx.h" /Fp"Debug\MessEngine.pch" /Fo"Debug\\" /Fd"Debug\vc100.pdb" /Gd /TP /analyze- /errorReport:prompt Barcode.cpp CartoonEffect.cpp CartoonFilter.cpp CrossProcess.cpp CyborgSketch.cpp CynoType.cpp DoGFilter.cpp FisheyeLens.cpp GlobalHelper.cpp GoldEngross.cpp GreyScale.cpp HDR.cpp HolgaArt.cpp HoneyMoon.cpp Inkify.cpp Jigsaw.cpp MessEngine.cpp MotherNature.cpp MotionBlur.cpp NightVision.cpp OilPaint.cpp OldPhoto.cpp Painterly.cpp PainterlySketch.cpp Patronize.cpp PerfectSketch.cpp Reflection.cpp RotateInvert.cpp StencilArt.cpp Sunburst.cpp ThermalDetector.cpp TieNDye.cpp Vintage.cpp WaterColor.cpp
  Barcode.cpp
c:\source code\messmyphoto\messengine\barcode.cpp(71): warning C4996: 'strcpy': This function or variable may be unsafe. Consider using strcpy_s instead. To disable deprecation, use _CRT_SECURE_NO_WARNINGS. See online help for details.
          c:\program files (x86)\microsoft visual studio 10.0\vc\include\string.h(105) : see declaration of 'strcpy'
c:\source code\messmyphoto\messengine\barcode.cpp(73): warning C4996: 'strcat': This function or variable may be unsafe. Consider using strcat_s instead. To disable deprecation, use _CRT_SECURE_NO_WARNINGS. See online help for details.
          c:\program files (x86)\microsoft visual studio 10.0\vc\include\string.h(110) : see declaration of 'strcat'
c:\source code\messmyphoto\messengine\barcode.cpp(89): warning C4101: 'iJStep' : unreferenced local variable
  CartoonEffect.cpp
c:\source code\messmyphoto\messengine\cartooneffect.cpp(61): warning C4244: 'initializing' : conversion from 'double' to 'float', possible loss of data
c:\source code\messmyphoto\messengine\cartooneffect.cpp(63): warning C4244: 'initializing' : conversion from 'float' to 'int', possible loss of data
c:\source code\messmyphoto\messengine\cartooneffect.cpp(64): warning C4244: 'initializing' : conversion from 'float' to 'int', possible loss of data
  CartoonFilter.cpp
c:\source code\messmyphoto\messengine\cartoonfilter.cpp(15): warning C4996: 'sprintf': This function or variable may be unsafe. Consider using sprintf_s instead. To disable deprecation, use _CRT_SECURE_NO_WARNINGS. See online help for details.
          c:\program files (x86)\microsoft visual studio 10.0\vc\include\stdio.h(371) : see declaration of 'sprintf'
c:\source code\messmyphoto\messengine\cartoonfilter.cpp(202): warning C4101: 'iV' : unreferenced local variable
c:\source code\messmyphoto\messengine\cartoonfilter.cpp(202): warning C4101: 'iL' : unreferenced local variable
c:\source code\messmyphoto\messengine\cartoonfilter.cpp(202): warning C4101: 'iU' : unreferenced local variable
c:\source code\messmyphoto\messengine\cartoonfilter.cpp(224): warning C4101: 'iEnergyLevel' : unreferenced local variable
c:\source code\messmyphoto\messengine\cartoonfilter.cpp(223): warning C4101: 'iMax' : unreferenced local variable
  CrossProcess.cpp
c:\source code\messmyphoto\messengine\crossprocess.cpp(105): warning C4244: 'initializing' : conversion from 'double' to 'float', possible loss of data
c:\source code\messmyphoto\messengine\crossprocess.cpp(106): warning C4244: 'initializing' : conversion from 'double' to 'float', possible loss of data
c:\source code\messmyphoto\messengine\crossprocess.cpp(109): warning C4244: '=' : conversion from 'float' to 'int', possible loss of data
c:\source code\messmyphoto\messengine\crossprocess.cpp(110): warning C4244: '=' : conversion from 'float' to 'int', possible loss of data
c:\source code\messmyphoto\messengine\crossprocess.cpp(69): warning C4101: 'tmpS' : unreferenced local variable
c:\source code\messmyphoto\messengine\crossprocess.cpp(69): warning C4101: 'tmpD' : unreferenced local variable
c:\source code\messmyphoto\messengine\crossprocess.cpp(117): warning C4101: 'tmpS' : unreferenced local variable
c:\source code\messmyphoto\messengine\crossprocess.cpp(117): warning C4101: 'tmpD' : unreferenced local variable
  CyborgSketch.cpp
c:\source code\messmyphoto\messengine\cyborgsketch.cpp(42): warning C4996: 'sprintf': This function or variable may be unsafe. Consider using sprintf_s instead. To disable deprecation, use _CRT_SECURE_NO_WARNINGS. See online help for details.
          c:\program files (x86)\microsoft visual studio 10.0\vc\include\stdio.h(371) : see declaration of 'sprintf'
c:\source code\messmyphoto\messengine\cyborgsketch.cpp(152): warning C4101: 'tmp' : unreferenced local variable
c:\source code\messmyphoto\messengine\cyborgsketch.cpp(176): warning C4101: 'tmp' : unreferenced local variable
  CynoType.cpp
c:\source code\messmyphoto\messengine\cynotype.cpp(15): warning C4996: 'sprintf': This function or variable may be unsafe. Consider using sprintf_s instead. To disable deprecation, use _CRT_SECURE_NO_WARNINGS. See online help for details.
          c:\program files (x86)\microsoft visual studio 10.0\vc\include\stdio.h(371) : see declaration of 'sprintf'
c:\source code\messmyphoto\messengine\cynotype.cpp(79): warning C4101: 'tmp' : unreferenced local variable
  DoGFilter.cpp
c:\source code\messmyphoto\messengine\dogfilter.cpp(96): warning C4305: 'initializing' : truncation from 'double' to 'float'
c:\source code\messmyphoto\messengine\dogfilter.cpp(105): warning C4305: '*=' : truncation from 'double' to 'float'
c:\source code\messmyphoto\messengine\dogfilter.cpp(136): warning C4244: 'initializing' : conversion from 'double' to 'float', possible loss of data
c:\source code\messmyphoto\messengine\dogfilter.cpp(137): warning C4244: 'return' : conversion from 'double' to 'float', possible loss of data
c:\source code\messmyphoto\messengine\dogfilter.cpp(143): warning C4101: 'ikStep' : unreferenced local variable
c:\source code\messmyphoto\messengine\dogfilter.cpp(143): warning C4101: 'iStep' : unreferenced local variable
c:\source code\messmyphoto\messengine\dogfilter.cpp(208): warning C4101: 'tmp' : unreferenced local variable
c:\source code\messmyphoto\messengine\dogfilter.cpp(208): warning C4101: 'jStep' : unreferenced local variable
  FisheyeLens.cpp
c:\source code\messmyphoto\messengine\fisheyelens.cpp(42): warning C4996: 'sprintf': This function or variable may be unsafe. Consider using sprintf_s instead. To disable deprecation, use _CRT_SECURE_NO_WARNINGS. See online help for details.
          c:\program files (x86)\microsoft visual studio 10.0\vc\include\stdio.h(371) : see declaration of 'sprintf'
c:\source code\messmyphoto\messengine\fisheyelens.cpp(102): warning C4244: 'initializing' : conversion from 'double' to 'int', possible loss of data
c:\source code\messmyphoto\messengine\fisheyelens.cpp(103): warning C4244: 'initializing' : conversion from 'double' to 'int', possible loss of data
c:\source code\messmyphoto\messengine\fisheyelens.cpp(119): warning C4244: '=' : conversion from 'double' to 'float', possible loss of data
c:\source code\messmyphoto\messengine\fisheyelens.cpp(121): warning C4244: '=' : conversion from 'double' to 'float', possible loss of data
c:\source code\messmyphoto\messengine\fisheyelens.cpp(123): warning C4244: '=' : conversion from 'float' to 'int', possible loss of data
c:\source code\messmyphoto\messengine\fisheyelens.cpp(124): warning C4244: '=' : conversion from 'float' to 'int', possible loss of data
c:\source code\messmyphoto\messengine\fisheyelens.cpp(126): warning C4244: '=' : conversion from 'double' to 'float', possible loss of data
c:\source code\messmyphoto\messengine\fisheyelens.cpp(127): warning C4244: '=' : conversion from 'double' to 'float', possible loss of data
c:\source code\messmyphoto\messengine\fisheyelens.cpp(134): warning C4244: '=' : conversion from 'float' to 'int', possible loss of data
c:\source code\messmyphoto\messengine\fisheyelens.cpp(135): warning C4244: '=' : conversion from 'float' to 'int', possible loss of data
c:\source code\messmyphoto\messengine\fisheyelens.cpp(140): warning C4244: '=' : conversion from 'float' to 'int', possible loss of data
c:\source code\messmyphoto\messengine\fisheyelens.cpp(141): warning C4244: '=' : conversion from 'float' to 'int', possible loss of data
c:\source code\messmyphoto\messengine\fisheyelens.cpp(241): warning C4244: '=' : conversion from 'float' to 'uchar', possible loss of data
c:\source code\messmyphoto\messengine\fisheyelens.cpp(242): warning C4244: '=' : conversion from 'float' to 'uchar', possible loss of data
c:\source code\messmyphoto\messengine\fisheyelens.cpp(243): warning C4244: '=' : conversion from 'float' to 'uchar', possible loss of data
c:\source code\messmyphoto\messengine\fisheyelens.cpp(112): warning C4101: 'tmpS' : unreferenced local variable
c:\source code\messmyphoto\messengine\fisheyelens.cpp(112): warning C4101: 'tmpD' : unreferenced local variable
  GlobalHelper.cpp
c:\source code\messmyphoto\messengine\globalhelper.cpp(19): warning C4996: 'strcpy': This function or variable may be unsafe. Consider using strcpy_s instead. To disable deprecation, use _CRT_SECURE_NO_WARNINGS. See online help for details.
          c:\program files (x86)\microsoft visual studio 10.0\vc\include\string.h(105) : see declaration of 'strcpy'
c:\source code\messmyphoto\messengine\globalhelper.cpp(20): warning C4996: 'strcat': This function or variable may be unsafe. Consider using strcat_s instead. To disable deprecation, use _CRT_SECURE_NO_WARNINGS. See online help for details.
          c:\program files (x86)\microsoft visual studio 10.0\vc\include\string.h(110) : see declaration of 'strcat'
c:\source code\messmyphoto\messengine\globalhelper.cpp(180): warning C4244: 'return' : conversion from '__int64' to 'int', possible loss of data
c:\source code\messmyphoto\messengine\globalhelper.cpp(229): warning C4996: 'strcpy': This function or variable may be unsafe. Consider using strcpy_s instead. To disable deprecation, use _CRT_SECURE_NO_WARNINGS. See online help for details.
          c:\program files (x86)\microsoft visual studio 10.0\vc\include\string.h(105) : see declaration of 'strcpy'
c:\source code\messmyphoto\messengine\globalhelper.cpp(231): warning C4996: 'strcat': This function or variable may be unsafe. Consider using strcat_s instead. To disable deprecation, use _CRT_SECURE_NO_WARNINGS. See online help for details.
          c:\program files (x86)\microsoft visual studio 10.0\vc\include\string.h(110) : see declaration of 'strcat'
c:\source code\messmyphoto\messengine\globalhelper.cpp(233): warning C4996: 'strcat': This function or variable may be unsafe. Consider using strcat_s instead. To disable deprecation, use _CRT_SECURE_NO_WARNINGS. See online help for details.
          c:\program files (x86)\microsoft visual studio 10.0\vc\include\string.h(110) : see declaration of 'strcat'
c:\source code\messmyphoto\messengine\globalhelper.cpp(270): warning C4996: 'strcpy': This function or variable may be unsafe. Consider using strcpy_s instead. To disable deprecation, use _CRT_SECURE_NO_WARNINGS. See online help for details.
          c:\program files (x86)\microsoft visual studio 10.0\vc\include\string.h(105) : see declaration of 'strcpy'
c:\source code\messmyphoto\messengine\globalhelper.cpp(271): warning C4996: 'strcat': This function or variable may be unsafe. Consider using strcat_s instead. To disable deprecation, use _CRT_SECURE_NO_WARNINGS. See online help for details.
          c:\program files (x86)\microsoft visual studio 10.0\vc\include\string.h(110) : see declaration of 'strcat'
c:\source code\messmyphoto\messengine\globalhelper.cpp(352): warning C4996: 'strcpy': This function or variable may be unsafe. Consider using strcpy_s instead. To disable deprecation, use _CRT_SECURE_NO_WARNINGS. See online help for details.
          c:\program files (x86)\microsoft visual studio 10.0\vc\include\string.h(105) : see declaration of 'strcpy'
c:\source code\messmyphoto\messengine\globalhelper.cpp(353): warning C4996: 'strcat': This function or variable may be unsafe. Consider using strcat_s instead. To disable deprecation, use _CRT_SECURE_NO_WARNINGS. See online help for details.
          c:\program files (x86)\microsoft visual studio 10.0\vc\include\string.h(110) : see declaration of 'strcat'
c:\source code\messmyphoto\messengine\globalhelper.cpp(374): warning C4996: 'strcpy': This function or variable may be unsafe. Consider using strcpy_s instead. To disable deprecation, use _CRT_SECURE_NO_WARNINGS. See online help for details.
          c:\program files (x86)\microsoft visual studio 10.0\vc\include\string.h(105) : see declaration of 'strcpy'
c:\source code\messmyphoto\messengine\globalhelper.cpp(375): warning C4996: 'strcat': This function or variable may be unsafe. Consider using strcat_s instead. To disable deprecation, use _CRT_SECURE_NO_WARNINGS. See online help for details.
          c:\program files (x86)\microsoft visual studio 10.0\vc\include\string.h(110) : see declaration of 'strcat'
c:\source code\messmyphoto\messengine\globalhelper.cpp(611): warning C4101: 's' : unreferenced local variable
c:\source code\messmyphoto\messengine\globalhelper.cpp(610): warning C4101: 'k' : unreferenced local variable
c:\source code\messmyphoto\messengine\globalhelper.cpp(640): warning C4101: 's' : unreferenced local variable
c:\source code\messmyphoto\messengine\globalhelper.cpp(639): warning C4101: 'k' : unreferenced local variable
c:\source code\messmyphoto\messengine\globalhelper.cpp(1025): warning C4244: '=' : conversion from 'double' to 'int', possible loss of data
c:\source code\messmyphoto\messengine\globalhelper.cpp(1026): warning C4244: '=' : conversion from 'double' to 'int', possible loss of data
c:\source code\messmyphoto\messengine\globalhelper.cpp(1030): warning C4244: '=' : conversion from 'double' to 'int', possible loss of data
c:\source code\messmyphoto\messengine\globalhelper.cpp(1032): warning C4244: '=' : conversion from 'double' to 'int', possible loss of data
  GoldEngross.cpp
c:\source code\messmyphoto\messengine\goldengross.cpp(45): warning C4996: 'sprintf': This function or variable may be unsafe. Consider using sprintf_s instead. To disable deprecation, use _CRT_SECURE_NO_WARNINGS. See online help for details.
          c:\program files (x86)\microsoft visual studio 10.0\vc\include\stdio.h(371) : see declaration of 'sprintf'
c:\source code\messmyphoto\messengine\goldengross.cpp(90): warning C4244: '=' : conversion from 'float' to 'UCHAR', possible loss of data
c:\source code\messmyphoto\messengine\goldengross.cpp(139): warning C4244: '=' : conversion from 'int' to 'float', possible loss of data
c:\source code\messmyphoto\messengine\goldengross.cpp(113): warning C4101: 'y' : unreferenced local variable
c:\source code\messmyphoto\messengine\goldengross.cpp(151): warning C4996: 'strcpy': This function or variable may be unsafe. Consider using strcpy_s instead. To disable deprecation, use _CRT_SECURE_NO_WARNINGS. See online help for details.
          c:\program files (x86)\microsoft visual studio 10.0\vc\include\string.h(105) : see declaration of 'strcpy'
c:\source code\messmyphoto\messengine\goldengross.cpp(153): warning C4996: 'strcat': This function or variable may be unsafe. Consider using strcat_s instead. To disable deprecation, use _CRT_SECURE_NO_WARNINGS. See online help for details.
          c:\program files (x86)\microsoft visual studio 10.0\vc\include\string.h(110) : see declaration of 'strcat'
c:\source code\messmyphoto\messengine\goldengross.cpp(167): warning C4244: '=' : conversion from 'double' to 'int', possible loss of data
c:\source code\messmyphoto\messengine\goldengross.cpp(172): warning C4244: '=' : conversion from 'double' to 'int', possible loss of data
c:\source code\messmyphoto\messengine\goldengross.cpp(181): warning C4101: 'tmp' : unreferenced local variable
c:\source code\messmyphoto\messengine\goldengross.cpp(214): warning C4244: 'initializing' : conversion from 'float' to 'int', possible loss of data
c:\source code\messmyphoto\messengine\goldengross.cpp(215): warning C4244: 'initializing' : conversion from 'float' to 'int', possible loss of data
c:\source code\messmyphoto\messengine\goldengross.cpp(219): warning C4244: 'initializing' : conversion from 'double' to 'float', possible loss of data
c:\source code\messmyphoto\messengine\goldengross.cpp(221): warning C4244: '=' : conversion from 'double' to 'int', possible loss of data
c:\source code\messmyphoto\messengine\goldengross.cpp(222): warning C4244: '=' : conversion from 'double' to 'int', possible loss of data
c:\source code\messmyphoto\messengine\goldengross.cpp(250): warning C4244: '-=' : conversion from 'float' to 'int', possible loss of data
c:\source code\messmyphoto\messengine\goldengross.cpp(255): warning C4244: '-=' : conversion from 'float' to 'int', possible loss of data
c:\source code\messmyphoto\messengine\goldengross.cpp(260): warning C4244: '-=' : conversion from 'float' to 'int', possible loss of data
c:\source code\messmyphoto\messengine\goldengross.cpp(207): warning C4101: 'iSmall' : unreferenced local variable
  GreyScale.cpp
c:\source code\messmyphoto\messengine\greyscale.cpp(20): warning C4996: 'sprintf': This function or variable may be unsafe. Consider using sprintf_s instead. To disable deprecation, use _CRT_SECURE_NO_WARNINGS. See online help for details.
          c:\program files (x86)\microsoft visual studio 10.0\vc\include\stdio.h(371) : see declaration of 'sprintf'
c:\source code\messmyphoto\messengine\greyscale.cpp(53): warning C4996: 'sprintf': This function or variable may be unsafe. Consider using sprintf_s instead. To disable deprecation, use _CRT_SECURE_NO_WARNINGS. See online help for details.
          c:\program files (x86)\microsoft visual studio 10.0\vc\include\stdio.h(371) : see declaration of 'sprintf'
c:\source code\messmyphoto\messengine\greyscale.cpp(98): warning C4101: 'iV' : unreferenced local variable
c:\source code\messmyphoto\messengine\greyscale.cpp(100): warning C4101: 'tmp' : unreferenced local variable
c:\source code\messmyphoto\messengine\greyscale.cpp(98): warning C4101: 'iL' : unreferenced local variable
c:\source code\messmyphoto\messengine\greyscale.cpp(98): warning C4101: 'iU' : unreferenced local variable
  HDR.cpp
c:\source code\messmyphoto\messengine\hdr.cpp(74): warning C4101: 'tmpD' : unreferenced local variable
  HolgaArt.cpp
c:\source code\messmyphoto\messengine\holgaart.cpp(16): warning C4996: 'sprintf': This function or variable may be unsafe. Consider using sprintf_s instead. To disable deprecation, use _CRT_SECURE_NO_WARNINGS. See online help for details.
          c:\program files (x86)\microsoft visual studio 10.0\vc\include\stdio.h(371) : see declaration of 'sprintf'
c:\source code\messmyphoto\messengine\holgaart.cpp(79): warning C4101: 'tmp' : unreferenced local variable
c:\source code\messmyphoto\messengine\holgaart.cpp(79): warning C4101: 'tmp1' : unreferenced local variable
c:\source code\messmyphoto\messengine\holgaart.cpp(98): warning C4244: 'initializing' : conversion from 'double' to 'int', possible loss of data
c:\source code\messmyphoto\messengine\holgaart.cpp(117): warning C4244: '=' : conversion from 'double' to 'uchar', possible loss of data
c:\source code\messmyphoto\messengine\holgaart.cpp(118): warning C4244: '=' : conversion from 'double' to 'uchar', possible loss of data
c:\source code\messmyphoto\messengine\holgaart.cpp(119): warning C4244: '=' : conversion from 'double' to 'uchar', possible loss of data
c:\source code\messmyphoto\messengine\holgaart.cpp(96): warning C4101: 'y' : unreferenced local variable
c:\source code\messmyphoto\messengine\holgaart.cpp(96): warning C4101: 'k' : unreferenced local variable
c:\source code\messmyphoto\messengine\holgaart.cpp(96): warning C4101: 'c' : unreferenced local variable
c:\source code\messmyphoto\messengine\holgaart.cpp(96): warning C4101: 'm' : unreferenced local variable
  HoneyMoon.cpp
c:\source code\messmyphoto\messengine\honeymoon.cpp(111): warning C4996: 'strcpy': This function or variable may be unsafe. Consider using strcpy_s instead. To disable deprecation, use _CRT_SECURE_NO_WARNINGS. See online help for details.
          c:\program files (x86)\microsoft visual studio 10.0\vc\include\string.h(105) : see declaration of 'strcpy'
c:\source code\messmyphoto\messengine\honeymoon.cpp(113): warning C4996: 'strcat': This function or variable may be unsafe. Consider using strcat_s instead. To disable deprecation, use _CRT_SECURE_NO_WARNINGS. See online help for details.
          c:\program files (x86)\microsoft visual studio 10.0\vc\include\string.h(110) : see declaration of 'strcat'
c:\source code\messmyphoto\messengine\honeymoon.cpp(125): warning C4305: 'initializing' : truncation from 'double' to 'float'
c:\source code\messmyphoto\messengine\honeymoon.cpp(142): warning C4244: 'initializing' : conversion from 'float' to 'int', possible loss of data
c:\source code\messmyphoto\messengine\honeymoon.cpp(145): warning C4244: 'initializing' : conversion from 'float' to 'int', possible loss of data
c:\source code\messmyphoto\messengine\honeymoon.cpp(156): warning C4244: 'initializing' : conversion from 'float' to 'int', possible loss of data
c:\source code\messmyphoto\messengine\honeymoon.cpp(135): warning C4101: 'tmp' : unreferenced local variable
c:\source code\messmyphoto\messengine\honeymoon.cpp(126): warning C4101: 'val' : unreferenced local variable
c:\source code\messmyphoto\messengine\honeymoon.cpp(134): warning C4101: 'iJStep' : unreferenced local variable
c:\source code\messmyphoto\messengine\honeymoon.cpp(196): warning C4996: 'strcpy': This function or variable may be unsafe. Consider using strcpy_s instead. To disable deprecation, use _CRT_SECURE_NO_WARNINGS. See online help for details.
          c:\program files (x86)\microsoft visual studio 10.0\vc\include\string.h(105) : see declaration of 'strcpy'
c:\source code\messmyphoto\messengine\honeymoon.cpp(198): warning C4996: 'strcat': This function or variable may be unsafe. Consider using strcat_s instead. To disable deprecation, use _CRT_SECURE_NO_WARNINGS. See online help for details.
          c:\program files (x86)\microsoft visual studio 10.0\vc\include\string.h(110) : see declaration of 'strcat'
c:\source code\messmyphoto\messengine\honeymoon.cpp(209): warning C4244: 'initializing' : conversion from 'double' to 'int', possible loss of data
c:\source code\messmyphoto\messengine\honeymoon.cpp(210): warning C4244: 'initializing' : conversion from 'double' to 'int', possible loss of data
c:\source code\messmyphoto\messengine\honeymoon.cpp(222): warning C4244: '=' : conversion from 'int' to 'float', possible loss of data
c:\source code\messmyphoto\messengine\honeymoon.cpp(233): warning C4244: '=' : conversion from 'float' to 'uchar', possible loss of data
c:\source code\messmyphoto\messengine\honeymoon.cpp(237): warning C4244: '=' : conversion from 'float' to 'uchar', possible loss of data
c:\source code\messmyphoto\messengine\honeymoon.cpp(241): warning C4244: '=' : conversion from 'float' to 'uchar', possible loss of data
c:\source code\messmyphoto\messengine\honeymoon.cpp(254): warning C4996: 'strcpy': This function or variable may be unsafe. Consider using strcpy_s instead. To disable deprecation, use _CRT_SECURE_NO_WARNINGS. See online help for details.
          c:\program files (x86)\microsoft visual studio 10.0\vc\include\string.h(105) : see declaration of 'strcpy'
c:\source code\messmyphoto\messengine\honeymoon.cpp(256): warning C4996: 'strcat': This function or variable may be unsafe. Consider using strcat_s instead. To disable deprecation, use _CRT_SECURE_NO_WARNINGS. See online help for details.
          c:\program files (x86)\microsoft visual studio 10.0\vc\include\string.h(110) : see declaration of 'strcat'
c:\source code\messmyphoto\messengine\honeymoon.cpp(267): warning C4996: 'strcat': This function or variable may be unsafe. Consider using strcat_s instead. To disable deprecation, use _CRT_SECURE_NO_WARNINGS. See online help for details.
          c:\program files (x86)\microsoft visual studio 10.0\vc\include\string.h(110) : see declaration of 'strcat'
c:\source code\messmyphoto\messengine\honeymoon.cpp(320): warning C4244: '=' : conversion from 'double' to 'uchar', possible loss of data
c:\source code\messmyphoto\messengine\honeymoon.cpp(324): warning C4244: '=' : conversion from 'double' to 'uchar', possible loss of data
c:\source code\messmyphoto\messengine\honeymoon.cpp(328): warning C4244: '=' : conversion from 'double' to 'uchar', possible loss of data
  Inkify.cpp
c:\source code\messmyphoto\messengine\inkify.cpp(54): warning C4996: 'sprintf': This function or variable may be unsafe. Consider using sprintf_s instead. To disable deprecation, use _CRT_SECURE_NO_WARNINGS. See online help for details.
          c:\program files (x86)\microsoft visual studio 10.0\vc\include\stdio.h(371) : see declaration of 'sprintf'
c:\source code\messmyphoto\messengine\inkify.cpp(146): warning C4996: 'strcpy': This function or variable may be unsafe. Consider using strcpy_s instead. To disable deprecation, use _CRT_SECURE_NO_WARNINGS. See online help for details.
          c:\program files (x86)\microsoft visual studio 10.0\vc\include\string.h(105) : see declaration of 'strcpy'
c:\source code\messmyphoto\messengine\inkify.cpp(148): warning C4996: 'strcat': This function or variable may be unsafe. Consider using strcat_s instead. To disable deprecation, use _CRT_SECURE_NO_WARNINGS. See online help for details.
          c:\program files (x86)\microsoft visual studio 10.0\vc\include\string.h(110) : see declaration of 'strcat'
c:\source code\messmyphoto\messengine\inkify.cpp(162): warning C4101: 'tmp' : unreferenced local variable
c:\source code\messmyphoto\messengine\inkify.cpp(236): warning C4244: '=' : conversion from 'double' to 'float', possible loss of data
c:\source code\messmyphoto\messengine\inkify.cpp(263): warning C4244: '+=' : conversion from 'float' to 'int', possible loss of data
c:\source code\messmyphoto\messengine\inkify.cpp(264): warning C4244: '+=' : conversion from 'float' to 'int', possible loss of data
c:\source code\messmyphoto\messengine\inkify.cpp(463): warning C4244: '=' : conversion from 'int' to 'float', possible loss of data
c:\source code\messmyphoto\messengine\inkify.cpp(464): warning C4244: '=' : conversion from 'int' to 'float', possible loss of data
c:\source code\messmyphoto\messengine\inkify.cpp(475): warning C4244: '=' : conversion from 'float' to 'int', possible loss of data
c:\source code\messmyphoto\messengine\inkify.cpp(484): warning C4244: '=' : conversion from 'double' to 'int', possible loss of data
c:\source code\messmyphoto\messengine\inkify.cpp(485): warning C4244: '=' : conversion from 'double' to 'int', possible loss of data
  Jigsaw.cpp
c:\source code\messmyphoto\messengine\jigsaw.cpp(70): warning C4996: 'strcpy': This function or variable may be unsafe. Consider using strcpy_s instead. To disable deprecation, use _CRT_SECURE_NO_WARNINGS. See online help for details.
          c:\program files (x86)\microsoft visual studio 10.0\vc\include\string.h(105) : see declaration of 'strcpy'
c:\source code\messmyphoto\messengine\jigsaw.cpp(72): warning C4996: 'strcat': This function or variable may be unsafe. Consider using strcat_s instead. To disable deprecation, use _CRT_SECURE_NO_WARNINGS. See online help for details.
          c:\program files (x86)\microsoft visual studio 10.0\vc\include\string.h(110) : see declaration of 'strcat'
  MessEngine.cpp
  MotherNature.cpp
c:\source code\messmyphoto\messengine\mothernature.cpp(46): warning C4996: 'sprintf': This function or variable may be unsafe. Consider using sprintf_s instead. To disable deprecation, use _CRT_SECURE_NO_WARNINGS. See online help for details.
          c:\program files (x86)\microsoft visual studio 10.0\vc\include\stdio.h(371) : see declaration of 'sprintf'
c:\source code\messmyphoto\messengine\mothernature.cpp(104): warning C4996: 'strcpy': This function or variable may be unsafe. Consider using strcpy_s instead. To disable deprecation, use _CRT_SECURE_NO_WARNINGS. See online help for details.
          c:\program files (x86)\microsoft visual studio 10.0\vc\include\string.h(105) : see declaration of 'strcpy'
c:\source code\messmyphoto\messengine\mothernature.cpp(105): warning C4996: 'strcat': This function or variable may be unsafe. Consider using strcat_s instead. To disable deprecation, use _CRT_SECURE_NO_WARNINGS. See online help for details.
          c:\program files (x86)\microsoft visual studio 10.0\vc\include\string.h(110) : see declaration of 'strcat'
c:\source code\messmyphoto\messengine\mothernature.cpp(125): warning C4996: 'strcpy': This function or variable may be unsafe. Consider using strcpy_s instead. To disable deprecation, use _CRT_SECURE_NO_WARNINGS. See online help for details.
          c:\program files (x86)\microsoft visual studio 10.0\vc\include\string.h(105) : see declaration of 'strcpy'
c:\source code\messmyphoto\messengine\mothernature.cpp(127): warning C4996: 'strcat': This function or variable may be unsafe. Consider using strcat_s instead. To disable deprecation, use _CRT_SECURE_NO_WARNINGS. See online help for details.
          c:\program files (x86)\microsoft visual studio 10.0\vc\include\string.h(110) : see declaration of 'strcat'
c:\source code\messmyphoto\messengine\mothernature.cpp(129): warning C4244: 'initializing' : conversion from 'double' to 'float', possible loss of data
c:\source code\messmyphoto\messengine\mothernature.cpp(137): warning C4244: 'initializing' : conversion from 'double' to 'float', possible loss of data
c:\source code\messmyphoto\messengine\mothernature.cpp(138): warning C4244: 'initializing' : conversion from 'double' to 'int', possible loss of data
c:\source code\messmyphoto\messengine\mothernature.cpp(139): warning C4244: 'initializing' : conversion from 'float' to 'int', possible loss of data
c:\source code\messmyphoto\messengine\mothernature.cpp(153): warning C4244: '*=' : conversion from 'float' to 'uchar', possible loss of data
c:\source code\messmyphoto\messengine\mothernature.cpp(154): warning C4244: '*=' : conversion from 'float' to 'uchar', possible loss of data
c:\source code\messmyphoto\messengine\mothernature.cpp(155): warning C4244: '*=' : conversion from 'float' to 'uchar', possible loss of data
c:\source code\messmyphoto\messengine\mothernature.cpp(191): warning C4244: '=' : conversion from 'double' to 'int', possible loss of data
c:\source code\messmyphoto\messengine\mothernature.cpp(193): warning C4244: '=' : conversion from 'double' to 'int', possible loss of data
c:\source code\messmyphoto\messengine\mothernature.cpp(193): warning C4244: '=' : conversion from 'double' to 'int', possible loss of data
c:\source code\messmyphoto\messengine\mothernature.cpp(205): warning C4244: '=' : conversion from 'double' to 'int', possible loss of data
c:\source code\messmyphoto\messengine\mothernature.cpp(205): warning C4244: '=' : conversion from 'double' to 'int', possible loss of data
c:\source code\messmyphoto\messengine\mothernature.cpp(207): warning C4244: '=' : conversion from 'double' to 'int', possible loss of data
c:\source code\messmyphoto\messengine\mothernature.cpp(207): warning C4244: '=' : conversion from 'double' to 'int', possible loss of data
c:\source code\messmyphoto\messengine\mothernature.cpp(211): warning C4244: '=' : conversion from 'double' to 'int', possible loss of data
c:\source code\messmyphoto\messengine\mothernature.cpp(211): warning C4244: '=' : conversion from 'double' to 'int', possible loss of data
c:\source code\messmyphoto\messengine\mothernature.cpp(213): warning C4244: '=' : conversion from 'double' to 'int', possible loss of data
c:\source code\messmyphoto\messengine\mothernature.cpp(213): warning C4244: '=' : conversion from 'double' to 'int', possible loss of data
c:\source code\messmyphoto\messengine\mothernature.cpp(225): warning C4244: '=' : conversion from 'double' to 'int', possible loss of data
c:\source code\messmyphoto\messengine\mothernature.cpp(227): warning C4244: '=' : conversion from 'double' to 'int', possible loss of data
c:\source code\messmyphoto\messengine\mothernature.cpp(227): warning C4244: '=' : conversion from 'double' to 'int', possible loss of data
c:\source code\messmyphoto\messengine\mothernature.cpp(231): warning C4244: '=' : conversion from 'double' to 'int', possible loss of data
c:\source code\messmyphoto\messengine\mothernature.cpp(233): warning C4244: '=' : conversion from 'double' to 'int', possible loss of data
c:\source code\messmyphoto\messengine\mothernature.cpp(233): warning C4244: '=' : conversion from 'double' to 'int', possible loss of data
c:\source code\messmyphoto\messengine\mothernature.cpp(252): warning C4244: '=' : conversion from 'double' to 'uchar', possible loss of data
c:\source code\messmyphoto\messengine\mothernature.cpp(253): warning C4244: '=' : conversion from 'double' to 'uchar', possible loss of data
c:\source code\messmyphoto\messengine\mothernature.cpp(267): warning C4996: 'strcpy': This function or variable may be unsafe. Consider using strcpy_s instead. To disable deprecation, use _CRT_SECURE_NO_WARNINGS. See online help for details.
          c:\program files (x86)\microsoft visual studio 10.0\vc\include\string.h(105) : see declaration of 'strcpy'
c:\source code\messmyphoto\messengine\mothernature.cpp(268): warning C4996: 'strcat': This function or variable may be unsafe. Consider using strcat_s instead. To disable deprecation, use _CRT_SECURE_NO_WARNINGS. See online help for details.
          c:\program files (x86)\microsoft visual studio 10.0\vc\include\string.h(110) : see declaration of 'strcat'
c:\source code\messmyphoto\messengine\mothernature.cpp(270): warning C4305: 'initializing' : truncation from 'double' to 'float'
c:\source code\messmyphoto\messengine\mothernature.cpp(297): warning C4244: '=' : conversion from 'float' to 'uchar', possible loss of data
c:\source code\messmyphoto\messengine\mothernature.cpp(301): warning C4244: '=' : conversion from 'float' to 'uchar', possible loss of data
c:\source code\messmyphoto\messengine\mothernature.cpp(305): warning C4244: '=' : conversion from 'float' to 'uchar', possible loss of data
c:\source code\messmyphoto\messengine\mothernature.cpp(310): warning C4996: 'strcpy': This function or variable may be unsafe. Consider using strcpy_s instead. To disable deprecation, use _CRT_SECURE_NO_WARNINGS. See online help for details.
          c:\program files (x86)\microsoft visual studio 10.0\vc\include\string.h(105) : see declaration of 'strcpy'
c:\source code\messmyphoto\messengine\mothernature.cpp(311): warning C4996: 'strcat': This function or variable may be unsafe. Consider using strcat_s instead. To disable deprecation, use _CRT_SECURE_NO_WARNINGS. See online help for details.
          c:\program files (x86)\microsoft visual studio 10.0\vc\include\string.h(110) : see declaration of 'strcat'
c:\source code\messmyphoto\messengine\mothernature.cpp(286): warning C4101: 'tmp' : unreferenced local variable
c:\source code\messmyphoto\messengine\mothernature.cpp(332): warning C4244: 'initializing' : conversion from 'double' to 'int', possible loss of data
c:\source code\messmyphoto\messengine\mothernature.cpp(338): warning C4244: '=' : conversion from 'double' to 'int', possible loss of data
c:\source code\messmyphoto\messengine\mothernature.cpp(339): warning C4244: '=' : conversion from 'double' to 'int', possible loss of data
c:\source code\messmyphoto\messengine\mothernature.cpp(353): warning C4244: '/=' : conversion from 'double' to 'int', possible loss of data
c:\source code\messmyphoto\messengine\mothernature.cpp(354): warning C4244: '/=' : conversion from 'double' to 'int', possible loss of data
c:\source code\messmyphoto\messengine\mothernature.cpp(355): warning C4244: '/=' : conversion from 'double' to 'int', possible loss of data
c:\source code\messmyphoto\messengine\mothernature.cpp(379): warning C4996: 'strcpy': This function or variable may be unsafe. Consider using strcpy_s instead. To disable deprecation, use _CRT_SECURE_NO_WARNINGS. See online help for details.
          c:\program files (x86)\microsoft visual studio 10.0\vc\include\string.h(105) : see declaration of 'strcpy'
c:\source code\messmyphoto\messengine\mothernature.cpp(381): warning C4996: 'strcat': This function or variable may be unsafe. Consider using strcat_s instead. To disable deprecation, use _CRT_SECURE_NO_WARNINGS. See online help for details.
          c:\program files (x86)\microsoft visual studio 10.0\vc\include\string.h(110) : see declaration of 'strcat'
c:\source code\messmyphoto\messengine\mothernature.cpp(402): warning C4996: 'strcpy': This function or variable may be unsafe. Consider using strcpy_s instead. To disable deprecation, use _CRT_SECURE_NO_WARNINGS. See online help for details.
          c:\program files (x86)\microsoft visual studio 10.0\vc\include\string.h(105) : see declaration of 'strcpy'
c:\source code\messmyphoto\messengine\mothernature.cpp(404): warning C4996: 'strcat': This function or variable may be unsafe. Consider using strcat_s instead. To disable deprecation, use _CRT_SECURE_NO_WARNINGS. See online help for details.
          c:\program files (x86)\microsoft visual studio 10.0\vc\include\string.h(110) : see declaration of 'strcat'
  MotionBlur.cpp
c:\source code\messmyphoto\messengine\motionblur.cpp(45): warning C4996: 'sprintf': This function or variable may be unsafe. Consider using sprintf_s instead. To disable deprecation, use _CRT_SECURE_NO_WARNINGS. See online help for details.
          c:\program files (x86)\microsoft visual studio 10.0\vc\include\stdio.h(371) : see declaration of 'sprintf'
c:\source code\messmyphoto\messengine\motionblur.cpp(96): warning C4244: '=' : conversion from 'double' to 'uchar', possible loss of data
c:\source code\messmyphoto\messengine\motionblur.cpp(99): warning C4244: '=' : conversion from 'double' to 'uchar', possible loss of data
c:\source code\messmyphoto\messengine\motionblur.cpp(102): warning C4244: '=' : conversion from 'double' to 'uchar', possible loss of data
c:\source code\messmyphoto\messengine\motionblur.cpp(129): warning C4244: '+=' : conversion from 'double' to 'uchar', possible loss of data
c:\source code\messmyphoto\messengine\motionblur.cpp(132): warning C4244: '+=' : conversion from 'double' to 'uchar', possible loss of data
c:\source code\messmyphoto\messengine\motionblur.cpp(135): warning C4244: '+=' : conversion from 'double' to 'uchar', possible loss of data
  NightVision.cpp
c:\source code\messmyphoto\messengine\nightvision.cpp(21): warning C4996: 'sprintf': This function or variable may be unsafe. Consider using sprintf_s instead. To disable deprecation, use _CRT_SECURE_NO_WARNINGS. See online help for details.
          c:\program files (x86)\microsoft visual studio 10.0\vc\include\stdio.h(371) : see declaration of 'sprintf'
c:\source code\messmyphoto\messengine\nightvision.cpp(55): warning C4996: 'sprintf': This function or variable may be unsafe. Consider using sprintf_s instead. To disable deprecation, use _CRT_SECURE_NO_WARNINGS. See online help for details.
          c:\program files (x86)\microsoft visual studio 10.0\vc\include\stdio.h(371) : see declaration of 'sprintf'
c:\source code\messmyphoto\messengine\nightvision.cpp(114): warning C4244: '=' : conversion from 'double' to 'uchar', possible loss of data
c:\source code\messmyphoto\messengine\nightvision.cpp(104): warning C4101: 'tmp' : unreferenced local variable
c:\source code\messmyphoto\messengine\nightvision.cpp(126): warning C4996: 'strcpy': This function or variable may be unsafe. Consider using strcpy_s instead. To disable deprecation, use _CRT_SECURE_NO_WARNINGS. See online help for details.
          c:\program files (x86)\microsoft visual studio 10.0\vc\include\string.h(105) : see declaration of 'strcpy'
c:\source code\messmyphoto\messengine\nightvision.cpp(128): warning C4996: 'strcat': This function or variable may be unsafe. Consider using strcat_s instead. To disable deprecation, use _CRT_SECURE_NO_WARNINGS. See online help for details.
          c:\program files (x86)\microsoft visual studio 10.0\vc\include\string.h(110) : see declaration of 'strcat'
c:\source code\messmyphoto\messengine\nightvision.cpp(143): warning C4244: '=' : conversion from 'double' to 'int', possible loss of data
c:\source code\messmyphoto\messengine\nightvision.cpp(148): warning C4244: '=' : conversion from 'double' to 'int', possible loss of data
c:\source code\messmyphoto\messengine\nightvision.cpp(177): warning C4244: '=' : conversion from 'double' to 'uchar', possible loss of data
c:\source code\messmyphoto\messengine\nightvision.cpp(179): warning C4244: '=' : conversion from 'double' to 'uchar', possible loss of data
c:\source code\messmyphoto\messengine\nightvision.cpp(181): warning C4244: '=' : conversion from 'double' to 'uchar', possible loss of data
c:\source code\messmyphoto\messengine\nightvision.cpp(159): warning C4101: 'tmp' : unreferenced local variable
c:\source code\messmyphoto\messengine\nightvision.cpp(197): warning C4996: 'strcpy': This function or variable may be unsafe. Consider using strcpy_s instead. To disable deprecation, use _CRT_SECURE_NO_WARNINGS. See online help for details.
          c:\program files (x86)\microsoft visual studio 10.0\vc\include\string.h(105) : see declaration of 'strcpy'
c:\source code\messmyphoto\messengine\nightvision.cpp(199): warning C4996: 'strcat': This function or variable may be unsafe. Consider using strcat_s instead. To disable deprecation, use _CRT_SECURE_NO_WARNINGS. See online help for details.
          c:\program files (x86)\microsoft visual studio 10.0\vc\include\string.h(110) : see declaration of 'strcat'
  Generating Code...
c:\source code\messmyphoto\messengine\cyborgsketch.cpp(113): warning C4715: 'clsCyborgSketch::CyborgFilter' : not all control paths return a value
  Compiling...
  OilPaint.cpp
c:\source code\messmyphoto\messengine\oilpaint.cpp(76): warning C4244: '=' : conversion from 'double' to 'int', possible loss of data
c:\source code\messmyphoto\messengine\oilpaint.cpp(115): warning C4244: '=' : conversion from 'float' to 'int', possible loss of data
c:\source code\messmyphoto\messengine\oilpaint.cpp(130): warning C4244: '=' : conversion from 'float' to 'uchar', possible loss of data
c:\source code\messmyphoto\messengine\oilpaint.cpp(131): warning C4244: '=' : conversion from 'float' to 'uchar', possible loss of data
c:\source code\messmyphoto\messengine\oilpaint.cpp(132): warning C4244: '=' : conversion from 'float' to 'uchar', possible loss of data
  OldPhoto.cpp
c:\source code\messmyphoto\messengine\oldphoto.cpp(46): warning C4996: 'sprintf': This function or variable may be unsafe. Consider using sprintf_s instead. To disable deprecation, use _CRT_SECURE_NO_WARNINGS. See online help for details.
          c:\program files (x86)\microsoft visual studio 10.0\vc\include\stdio.h(371) : see declaration of 'sprintf'
c:\source code\messmyphoto\messengine\oldphoto.cpp(130): warning C4244: '=' : conversion from 'double' to 'uchar', possible loss of data
c:\source code\messmyphoto\messengine\oldphoto.cpp(119): warning C4101: 'tmp' : unreferenced local variable
c:\source code\messmyphoto\messengine\oldphoto.cpp(139): warning C4996: 'strcpy': This function or variable may be unsafe. Consider using strcpy_s instead. To disable deprecation, use _CRT_SECURE_NO_WARNINGS. See online help for details.
          c:\program files (x86)\microsoft visual studio 10.0\vc\include\string.h(105) : see declaration of 'strcpy'
c:\source code\messmyphoto\messengine\oldphoto.cpp(141): warning C4996: 'strcat': This function or variable may be unsafe. Consider using strcat_s instead. To disable deprecation, use _CRT_SECURE_NO_WARNINGS. See online help for details.
          c:\program files (x86)\microsoft visual studio 10.0\vc\include\string.h(110) : see declaration of 'strcat'
c:\source code\messmyphoto\messengine\oldphoto.cpp(177): warning C4244: 'initializing' : conversion from 'double' to 'float', possible loss of data
c:\source code\messmyphoto\messengine\oldphoto.cpp(178): warning C4244: 'initializing' : conversion from 'double' to 'float', possible loss of data
c:\source code\messmyphoto\messengine\oldphoto.cpp(186): warning C4244: '=' : conversion from 'double' to 'int', possible loss of data
c:\source code\messmyphoto\messengine\oldphoto.cpp(190): warning C4244: '*=' : conversion from 'float' to 'uchar', possible loss of data
c:\source code\messmyphoto\messengine\oldphoto.cpp(191): warning C4244: '*=' : conversion from 'float' to 'uchar', possible loss of data
c:\source code\messmyphoto\messengine\oldphoto.cpp(192): warning C4244: '*=' : conversion from 'float' to 'uchar', possible loss of data
c:\source code\messmyphoto\messengine\oldphoto.cpp(196): warning C4244: '+=' : conversion from 'float' to 'uchar', possible loss of data
c:\source code\messmyphoto\messengine\oldphoto.cpp(197): warning C4244: '+=' : conversion from 'float' to 'uchar', possible loss of data
c:\source code\messmyphoto\messengine\oldphoto.cpp(198): warning C4244: '+=' : conversion from 'float' to 'uchar', possible loss of data
c:\source code\messmyphoto\messengine\oldphoto.cpp(176): warning C4101: 'tmp1' : unreferenced local variable
c:\source code\messmyphoto\messengine\oldphoto.cpp(206): warning C4101: 'tmp' : unreferenced local variable
c:\source code\messmyphoto\messengine\oldphoto.cpp(205): warning C4101: 'iJStep' : unreferenced local variable
c:\source code\messmyphoto\messengine\oldphoto.cpp(223): warning C4996: 'strcpy': This function or variable may be unsafe. Consider using strcpy_s instead. To disable deprecation, use _CRT_SECURE_NO_WARNINGS. See online help for details.
          c:\program files (x86)\microsoft visual studio 10.0\vc\include\string.h(105) : see declaration of 'strcpy'
c:\source code\messmyphoto\messengine\oldphoto.cpp(226): warning C4996: 'strcat': This function or variable may be unsafe. Consider using strcat_s instead. To disable deprecation, use _CRT_SECURE_NO_WARNINGS. See online help for details.
          c:\program files (x86)\microsoft visual studio 10.0\vc\include\string.h(110) : see declaration of 'strcat'
c:\source code\messmyphoto\messengine\oldphoto.cpp(228): warning C4996: 'strcat': This function or variable may be unsafe. Consider using strcat_s instead. To disable deprecation, use _CRT_SECURE_NO_WARNINGS. See online help for details.
          c:\program files (x86)\microsoft visual studio 10.0\vc\include\string.h(110) : see declaration of 'strcat'
c:\source code\messmyphoto\messengine\oldphoto.cpp(255): warning C4244: '=' : conversion from 'double' to 'uchar', possible loss of data
c:\source code\messmyphoto\messengine\oldphoto.cpp(258): warning C4244: '=' : conversion from 'double' to 'uchar', possible loss of data
c:\source code\messmyphoto\messengine\oldphoto.cpp(276): warning C4244: '=' : conversion from 'double' to 'uchar', possible loss of data
c:\source code\messmyphoto\messengine\oldphoto.cpp(280): warning C4244: '=' : conversion from 'double' to 'uchar', possible loss of data
c:\source code\messmyphoto\messengine\oldphoto.cpp(263): warning C4101: 'tmp1' : unreferenced local variable
c:\source code\messmyphoto\messengine\oldphoto.cpp(302): warning C4996: 'strcpy': This function or variable may be unsafe. Consider using strcpy_s instead. To disable deprecation, use _CRT_SECURE_NO_WARNINGS. See online help for details.
          c:\program files (x86)\microsoft visual studio 10.0\vc\include\string.h(105) : see declaration of 'strcpy'
c:\source code\messmyphoto\messengine\oldphoto.cpp(303): warning C4996: 'strcat': This function or variable may be unsafe. Consider using strcat_s instead. To disable deprecation, use _CRT_SECURE_NO_WARNINGS. See online help for details.
          c:\program files (x86)\microsoft visual studio 10.0\vc\include\string.h(110) : see declaration of 'strcat'
c:\source code\messmyphoto\messengine\oldphoto.cpp(339): warning C4244: '=' : conversion from 'double' to 'uchar', possible loss of data
c:\source code\messmyphoto\messengine\oldphoto.cpp(341): warning C4244: '=' : conversion from 'double' to 'uchar', possible loss of data
c:\source code\messmyphoto\messengine\oldphoto.cpp(360): warning C4305: 'initializing' : truncation from 'double' to 'float'
c:\source code\messmyphoto\messengine\oldphoto.cpp(377): warning C4244: 'initializing' : conversion from 'float' to 'int', possible loss of data
c:\source code\messmyphoto\messengine\oldphoto.cpp(380): warning C4244: 'initializing' : conversion from 'float' to 'int', possible loss of data
c:\source code\messmyphoto\messengine\oldphoto.cpp(395): warning C4244: '=' : conversion from 'float' to 'uchar', possible loss of data
  Painterly.cpp
c:\source code\messmyphoto\messengine\painterly.cpp(25): warning C4244: '=' : conversion from 'int' to 'float', possible loss of data
c:\source code\messmyphoto\messengine\painterly.cpp(119): warning C4244: 'initializing' : conversion from 'float' to 'int', possible loss of data
c:\source code\messmyphoto\messengine\painterly.cpp(121): warning C4244: 'initializing' : conversion from 'double' to 'float', possible loss of data
c:\source code\messmyphoto\messengine\painterly.cpp(145): warning C4244: 'argument' : conversion from 'int' to 'float', possible loss of data
c:\source code\messmyphoto\messengine\painterly.cpp(174): warning C4244: 'initializing' : conversion from 'float' to 'int', possible loss of data
c:\source code\messmyphoto\messengine\painterly.cpp(246): warning C4244: '=' : conversion from 'double' to 'float', possible loss of data
c:\source code\messmyphoto\messengine\painterly.cpp(274): warning C4244: '+=' : conversion from 'float' to 'int', possible loss of data
c:\source code\messmyphoto\messengine\painterly.cpp(275): warning C4244: '+=' : conversion from 'float' to 'int', possible loss of data
c:\source code\messmyphoto\messengine\painterly.cpp(299): warning C4244: 'argument' : conversion from 'float' to 'int', possible loss of data
c:\source code\messmyphoto\messengine\painterly.cpp(301): warning C4244: 'argument' : conversion from 'float' to 'int', possible loss of data
c:\source code\messmyphoto\messengine\painterly.cpp(364): warning C4244: '=' : conversion from 'int' to 'float', possible loss of data
c:\source code\messmyphoto\messengine\painterly.cpp(365): warning C4244: '=' : conversion from 'int' to 'float', possible loss of data
c:\source code\messmyphoto\messengine\painterly.cpp(415): warning C4244: 'initializing' : conversion from 'double' to 'float', possible loss of data
c:\source code\messmyphoto\messengine\painterly.cpp(416): warning C4244: 'return' : conversion from 'double' to 'float', possible loss of data
c:\source code\messmyphoto\messengine\painterly.cpp(439): warning C4244: '=' : conversion from 'float' to 'int', possible loss of data
  PainterlySketch.cpp
c:\source code\messmyphoto\messengine\painterlysketch.cpp(63): warning C4996: 'sprintf': This function or variable may be unsafe. Consider using sprintf_s instead. To disable deprecation, use _CRT_SECURE_NO_WARNINGS. See online help for details.
          c:\program files (x86)\microsoft visual studio 10.0\vc\include\stdio.h(371) : see declaration of 'sprintf'
  Patronize.cpp
c:\source code\messmyphoto\messengine\patronize.cpp(45): warning C4996: 'sprintf': This function or variable may be unsafe. Consider using sprintf_s instead. To disable deprecation, use _CRT_SECURE_NO_WARNINGS. See online help for details.
          c:\program files (x86)\microsoft visual studio 10.0\vc\include\stdio.h(371) : see declaration of 'sprintf'
c:\source code\messmyphoto\messengine\patronize.cpp(81): warning C4996: 'strcpy': This function or variable may be unsafe. Consider using strcpy_s instead. To disable deprecation, use _CRT_SECURE_NO_WARNINGS. See online help for details.
          c:\program files (x86)\microsoft visual studio 10.0\vc\include\string.h(105) : see declaration of 'strcpy'
c:\source code\messmyphoto\messengine\patronize.cpp(83): warning C4996: 'strcat': This function or variable may be unsafe. Consider using strcat_s instead. To disable deprecation, use _CRT_SECURE_NO_WARNINGS. See online help for details.
          c:\program files (x86)\microsoft visual studio 10.0\vc\include\string.h(110) : see declaration of 'strcat'
c:\source code\messmyphoto\messengine\patronize.cpp(87): warning C4244: 'initializing' : conversion from 'double' to 'float', possible loss of data
c:\source code\messmyphoto\messengine\patronize.cpp(114): warning C4244: '=' : conversion from 'float' to 'uchar', possible loss of data
c:\source code\messmyphoto\messengine\patronize.cpp(118): warning C4244: '=' : conversion from 'float' to 'uchar', possible loss of data
c:\source code\messmyphoto\messengine\patronize.cpp(122): warning C4244: '=' : conversion from 'float' to 'uchar', possible loss of data
c:\source code\messmyphoto\messengine\patronize.cpp(143): warning C4244: '=' : conversion from 'float' to 'uchar', possible loss of data
c:\source code\messmyphoto\messengine\patronize.cpp(147): warning C4244: '=' : conversion from 'float' to 'uchar', possible loss of data
c:\source code\messmyphoto\messengine\patronize.cpp(151): warning C4244: '=' : conversion from 'float' to 'uchar', possible loss of data
c:\source code\messmyphoto\messengine\patronize.cpp(103): warning C4101: 'tmp' : unreferenced local variable
c:\source code\messmyphoto\messengine\patronize.cpp(130): warning C4101: 'tmp1' : unreferenced local variable
  PerfectSketch.cpp
c:\source code\messmyphoto\messengine\perfectsketch.cpp(49): warning C4996: 'sprintf': This function or variable may be unsafe. Consider using sprintf_s instead. To disable deprecation, use _CRT_SECURE_NO_WARNINGS. See online help for details.
          c:\program files (x86)\microsoft visual studio 10.0\vc\include\stdio.h(371) : see declaration of 'sprintf'
c:\source code\messmyphoto\messengine\perfectsketch.cpp(75): warning C4244: '=' : conversion from 'double' to 'float', possible loss of data
c:\source code\messmyphoto\messengine\perfectsketch.cpp(132): warning C4244: '=' : conversion from 'float' to 'int', possible loss of data
c:\source code\messmyphoto\messengine\perfectsketch.cpp(135): warning C4244: '=' : conversion from 'float' to 'int', possible loss of data
c:\source code\messmyphoto\messengine\perfectsketch.cpp(137): warning C4244: '=' : conversion from 'float' to 'int', possible loss of data
c:\source code\messmyphoto\messengine\perfectsketch.cpp(140): warning C4244: '=' : conversion from 'float' to 'int', possible loss of data
c:\source code\messmyphoto\messengine\perfectsketch.cpp(163): warning C4101: 'tmp' : unreferenced local variable
c:\source code\messmyphoto\messengine\perfectsketch.cpp(161): warning C4101: 'iColor' : unreferenced local variable
c:\source code\messmyphoto\messengine\perfectsketch.cpp(163): warning C4101: 'tmp1' : unreferenced local variable
c:\source code\messmyphoto\messengine\perfectsketch.cpp(162): warning C4101: 'iJStep' : unreferenced local variable
  Reflection.cpp
c:\source code\messmyphoto\messengine\reflection.cpp(44): warning C4996: 'sprintf': This function or variable may be unsafe. Consider using sprintf_s instead. To disable deprecation, use _CRT_SECURE_NO_WARNINGS. See online help for details.
          c:\program files (x86)\microsoft visual studio 10.0\vc\include\stdio.h(371) : see declaration of 'sprintf'
c:\source code\messmyphoto\messengine\reflection.cpp(85): warning C4244: 'initializing' : conversion from 'double' to 'int', possible loss of data
c:\source code\messmyphoto\messengine\reflection.cpp(122): warning C4244: 'initializing' : conversion from 'double' to 'float', possible loss of data
c:\source code\messmyphoto\messengine\reflection.cpp(137): warning C4244: '=' : conversion from 'float' to 'uchar', possible loss of data
c:\source code\messmyphoto\messengine\reflection.cpp(138): warning C4244: '=' : conversion from 'float' to 'uchar', possible loss of data
c:\source code\messmyphoto\messengine\reflection.cpp(139): warning C4244: '=' : conversion from 'float' to 'uchar', possible loss of data
  RotateInvert.cpp
c:\source code\messmyphoto\messengine\rotateinvert.cpp(16): warning C4996: 'sprintf': This function or variable may be unsafe. Consider using sprintf_s instead. To disable deprecation, use _CRT_SECURE_NO_WARNINGS. See online help for details.
          c:\program files (x86)\microsoft visual studio 10.0\vc\include\stdio.h(371) : see declaration of 'sprintf'
  StencilArt.cpp
c:\source code\messmyphoto\messengine\stencilart.cpp(87): warning C4996: 'strcpy': This function or variable may be unsafe. Consider using strcpy_s instead. To disable deprecation, use _CRT_SECURE_NO_WARNINGS. See online help for details.
          c:\program files (x86)\microsoft visual studio 10.0\vc\include\string.h(105) : see declaration of 'strcpy'
c:\source code\messmyphoto\messengine\stencilart.cpp(89): warning C4996: 'strcat': This function or variable may be unsafe. Consider using strcat_s instead. To disable deprecation, use _CRT_SECURE_NO_WARNINGS. See online help for details.
          c:\program files (x86)\microsoft visual studio 10.0\vc\include\string.h(110) : see declaration of 'strcat'
c:\source code\messmyphoto\messengine\stencilart.cpp(118): warning C4244: '=' : conversion from 'double' to 'uchar', possible loss of data
c:\source code\messmyphoto\messengine\stencilart.cpp(122): warning C4244: '=' : conversion from 'double' to 'uchar', possible loss of data
c:\source code\messmyphoto\messengine\stencilart.cpp(126): warning C4244: '=' : conversion from 'double' to 'uchar', possible loss of data
c:\source code\messmyphoto\messengine\stencilart.cpp(176): warning C4244: '=' : conversion from 'float' to 'UCHAR', possible loss of data
c:\source code\messmyphoto\messengine\stencilart.cpp(177): warning C4244: '=' : conversion from 'float' to 'UCHAR', possible loss of data
c:\source code\messmyphoto\messengine\stencilart.cpp(178): warning C4244: '=' : conversion from 'float' to 'UCHAR', possible loss of data
  Sunburst.cpp
c:\source code\messmyphoto\messengine\sunburst.cpp(70): warning C4996: 'strcpy': This function or variable may be unsafe. Consider using strcpy_s instead. To disable deprecation, use _CRT_SECURE_NO_WARNINGS. See online help for details.
          c:\program files (x86)\microsoft visual studio 10.0\vc\include\string.h(105) : see declaration of 'strcpy'
c:\source code\messmyphoto\messengine\sunburst.cpp(72): warning C4996: 'strcat': This function or variable may be unsafe. Consider using strcat_s instead. To disable deprecation, use _CRT_SECURE_NO_WARNINGS. See online help for details.
          c:\program files (x86)\microsoft visual studio 10.0\vc\include\string.h(110) : see declaration of 'strcat'
c:\source code\messmyphoto\messengine\sunburst.cpp(96): warning C4244: '=' : conversion from 'double' to 'uchar', possible loss of data
c:\source code\messmyphoto\messengine\sunburst.cpp(100): warning C4244: '=' : conversion from 'double' to 'uchar', possible loss of data
c:\source code\messmyphoto\messengine\sunburst.cpp(104): warning C4244: '=' : conversion from 'double' to 'uchar', possible loss of data
c:\source code\messmyphoto\messengine\sunburst.cpp(87): warning C4101: 'tmp' : unreferenced local variable
  ThermalDetector.cpp
c:\source code\messmyphoto\messengine\thermaldetector.cpp(16): warning C4996: 'sprintf': This function or variable may be unsafe. Consider using sprintf_s instead. To disable deprecation, use _CRT_SECURE_NO_WARNINGS. See online help for details.
          c:\program files (x86)\microsoft visual studio 10.0\vc\include\stdio.h(371) : see declaration of 'sprintf'
c:\source code\messmyphoto\messengine\thermaldetector.cpp(127): warning C4244: 'initializing' : conversion from 'double' to 'int', possible loss of data
c:\source code\messmyphoto\messengine\thermaldetector.cpp(110): warning C4101: 'tmp' : unreferenced local variable
c:\source code\messmyphoto\messengine\thermaldetector.cpp(153): warning C4244: 'initializing' : conversion from 'double' to 'float', possible loss of data
c:\source code\messmyphoto\messengine\thermaldetector.cpp(154): warning C4244: 'initializing' : conversion from 'double' to 'float', possible loss of data
c:\source code\messmyphoto\messengine\thermaldetector.cpp(155): warning C4244: 'initializing' : conversion from 'double' to 'float', possible loss of data
c:\source code\messmyphoto\messengine\thermaldetector.cpp(156): warning C4244: 'initializing' : conversion from 'double' to 'float', possible loss of data
c:\source code\messmyphoto\messengine\thermaldetector.cpp(167): warning C4244: '=' : conversion from 'float' to 'int', possible loss of data
c:\source code\messmyphoto\messengine\thermaldetector.cpp(171): warning C4244: '=' : conversion from 'float' to 'uchar', possible loss of data
c:\source code\messmyphoto\messengine\thermaldetector.cpp(175): warning C4244: '=' : conversion from 'float' to 'uchar', possible loss of data
c:\source code\messmyphoto\messengine\thermaldetector.cpp(179): warning C4244: '=' : conversion from 'float' to 'uchar', possible loss of data
c:\source code\messmyphoto\messengine\thermaldetector.cpp(183): warning C4244: '=' : conversion from 'float' to 'uchar', possible loss of data
  TieNDye.cpp
c:\source code\messmyphoto\messengine\tiendye.cpp(21): warning C4996: 'sprintf': This function or variable may be unsafe. Consider using sprintf_s instead. To disable deprecation, use _CRT_SECURE_NO_WARNINGS. See online help for details.
          c:\program files (x86)\microsoft visual studio 10.0\vc\include\stdio.h(371) : see declaration of 'sprintf'
c:\source code\messmyphoto\messengine\tiendye.cpp(57): warning C4996: 'sprintf': This function or variable may be unsafe. Consider using sprintf_s instead. To disable deprecation, use _CRT_SECURE_NO_WARNINGS. See online help for details.
          c:\program files (x86)\microsoft visual studio 10.0\vc\include\stdio.h(371) : see declaration of 'sprintf'
c:\source code\messmyphoto\messengine\tiendye.cpp(106): warning C4101: 'tmp' : unreferenced local variable
c:\source code\messmyphoto\messengine\tiendye.cpp(106): warning C4101: 'tmp1' : unreferenced local variable
c:\source code\messmyphoto\messengine\tiendye.cpp(134): warning C4101: 'tmp' : unreferenced local variable
  Vintage.cpp
c:\source code\messmyphoto\messengine\vintage.cpp(16): warning C4996: 'sprintf': This function or variable may be unsafe. Consider using sprintf_s instead. To disable deprecation, use _CRT_SECURE_NO_WARNINGS. See online help for details.
          c:\program files (x86)\microsoft visual studio 10.0\vc\include\stdio.h(371) : see declaration of 'sprintf'
c:\source code\messmyphoto\messengine\vintage.cpp(94): warning C4244: '=' : conversion from 'double' to 'uchar', possible loss of data
c:\source code\messmyphoto\messengine\vintage.cpp(97): warning C4244: '=' : conversion from 'double' to 'uchar', possible loss of data
c:\source code\messmyphoto\messengine\vintage.cpp(100): warning C4244: '=' : conversion from 'double' to 'uchar', possible loss of data
c:\source code\messmyphoto\messengine\vintage.cpp(83): warning C4101: 'y' : unreferenced local variable
c:\source code\messmyphoto\messengine\vintage.cpp(83): warning C4101: 'b' : unreferenced local variable
c:\source code\messmyphoto\messengine\vintage.cpp(83): warning C4101: 'g' : unreferenced local variable
c:\source code\messmyphoto\messengine\vintage.cpp(83): warning C4101: 'k' : unreferenced local variable
c:\source code\messmyphoto\messengine\vintage.cpp(83): warning C4101: 'c' : unreferenced local variable
c:\source code\messmyphoto\messengine\vintage.cpp(83): warning C4101: 'r' : unreferenced local variable
c:\source code\messmyphoto\messengine\vintage.cpp(83): warning C4101: 'm' : unreferenced local variable
  WaterColor.cpp
c:\source code\messmyphoto\messengine\watercolor.cpp(108): warning C4244: '=' : conversion from 'float' to 'int', possible loss of data
c:\source code\messmyphoto\messengine\watercolor.cpp(122): warning C4996: 'strcpy': This function or variable may be unsafe. Consider using strcpy_s instead. To disable deprecation, use _CRT_SECURE_NO_WARNINGS. See online help for details.
          c:\program files (x86)\microsoft visual studio 10.0\vc\include\string.h(105) : see declaration of 'strcpy'
c:\source code\messmyphoto\messengine\watercolor.cpp(124): warning C4996: 'strcat': This function or variable may be unsafe. Consider using strcat_s instead. To disable deprecation, use _CRT_SECURE_NO_WARNINGS. See online help for details.
          c:\program files (x86)\microsoft visual studio 10.0\vc\include\string.h(110) : see declaration of 'strcat'
c:\source code\messmyphoto\messengine\watercolor.cpp(148): warning C4244: '=' : conversion from 'double' to 'uchar', possible loss of data
c:\source code\messmyphoto\messengine\watercolor.cpp(152): warning C4244: '=' : conversion from 'double' to 'uchar', possible loss of data
c:\source code\messmyphoto\messengine\watercolor.cpp(156): warning C4244: '=' : conversion from 'double' to 'uchar', possible loss of data
c:\source code\messmyphoto\messengine\watercolor.cpp(139): warning C4101: 'tmp' : unreferenced local variable
  Generating Code...
c:\source code\messmyphoto\messengine\perfectsketch.cpp(100): warning C4715: 'clsPerfectSketch::SketchFilter' : not all control paths return a value
c:\source code\messmyphoto\messengine\painterly.cpp(171): warning C4715: 'clsPainterly::PainterlyMain' : not all control paths return a value
  All outputs are up-to-date.
  c:\Program Files (x86)\Microsoft Visual Studio 10.0\VC\bin\CL.exe /c /ZI /nologo /W3 /WX- /Od /Ob0 /Oy- /D WIN32 /D _DEBUG /D _WINDOWS /D _USRDLL /D MESSENGINE_EXPORTS /D _WINDLL /D _UNICODE /D UNICODE /Gm- /EHsc /RTC1 /MDd /GS /fp:precise /Zc:wchar_t /Zc:forScope /Fo"Debug\\" /Fd"Debug\vc100.pdb" /Gd /TP /analyze- /errorReport:prompt dllmain.cpp
  dllmain.cpp
c:\opencv2.3\build\include\opencv2\flann\logger.h(70): warning C4996: 'fopen': This function or variable may be unsafe. Consider using fopen_s instead. To disable deprecation, use _CRT_SECURE_NO_WARNINGS. See online help for details.
          c:\program files (x86)\microsoft visual studio 10.0\vc\include\stdio.h(234) : see declaration of 'fopen'
ManifestResourceCompile:
  All outputs are up-to-date.
Link:
  c:\Program Files (x86)\Microsoft Visual Studio 10.0\VC\bin\link.exe /ERRORREPORT:PROMPT /OUT:"C:\Source Code\MessMyPhoto\Debug\MessEngine.dll" /INCREMENTAL /NOLOGO kernel32.lib user32.lib gdi32.lib winspool.lib comdlg32.lib advapi32.lib shell32.lib ole32.lib oleaut32.lib uuid.lib odbc32.lib odbccp32.lib kernel32.lib user32.lib gdi32.lib winspool.lib comdlg32.lib advapi32.lib shell32.lib ole32.lib oleaut32.lib uuid.lib odbc32.lib odbccp32.lib /MANIFEST /ManifestFile:"Debug\MessEngine.dll.intermediate.manifest" /MANIFESTUAC:"level='asInvoker' uiAccess='false'" /DEBUG /PDB:"C:\Source Code\MessMyPhoto\Debug\MessEngine.pdb" /SUBSYSTEM:WINDOWS /OPT:REF /TLBID:1 /DYNAMICBASE /NXCOMPAT /IMPLIB:"C:\Source Code\MessMyPhoto\Debug\MessEngine.lib" /MACHINE:X86 /DLL Debug\MessEngine.dll.embed.manifest.res
  Debug\Barcode.obj
  Debug\CartoonEffect.obj
  Debug\CartoonFilter.obj
  Debug\CrossProcess.obj
  Debug\CyborgSketch.obj
  Debug\CynoType.obj
  Debug\dllmain.obj
  Debug\DoGFilter.obj
  Debug\FisheyeLens.obj
  Debug\GlobalHelper.obj
  Debug\GoldEngross.obj
  Debug\GreyScale.obj
  Debug\HDR.obj
  Debug\HolgaArt.obj
  Debug\HoneyMoon.obj
  Debug\Inkify.obj
  Debug\Jigsaw.obj
  Debug\MessEngine.obj
  Debug\MotherNature.obj
  Debug\MotionBlur.obj
  Debug\NightVision.obj
  Debug\OilPaint.obj
  Debug\OldPhoto.obj
  Debug\Painterly.obj
  Debug\PainterlySketch.obj
  Debug\Patronize.obj
  Debug\PerfectSketch.obj
  Debug\Reflection.obj
  Debug\RotateInvert.obj
  Debug\stdafx.obj
  Debug\StencilArt.obj
  Debug\Sunburst.obj
  Debug\ThermalDetector.obj
  Debug\TieNDye.obj
  Debug\Vintage.obj
  Debug\WaterColor.obj
LINK : warning LNK4075: ignoring '/INCREMENTAL' due to '/OPT:REF' specification
Barcode.obj : warning LNK4075: ignoring '/EDITANDCONTINUE' due to '/OPT:ICF' specification
     Creating library C:\Source Code\MessMyPhoto\Debug\MessEngine.lib and object C:\Source Code\MessMyPhoto\Debug\MessEngine.exp
Manifest:
  C:\Program Files (x86)\Microsoft SDKs\Windows\v7.0A\bin\mt.exe /nologo /verbose /out:"Debug\MessEngine.dll.embed.manifest" /manifest Debug\MessEngine.dll.intermediate.manifest
  All outputs are up-to-date.
LinkEmbedManifest:
  All outputs are up-to-date.
  MessEngine.vcxproj -> C:\Source Code\MessMyPhoto\Debug\MessEngine.dll
FinalizeBuildStatus:
  Deleting file "Debug\MessEngine.unsuccessfulbuild".
  Touching "Debug\MessEngine.lastbuildstate".
Done Building Project "C:\Source Code\MessMyPhoto\MessEngine\MessEngine.vcxproj" (build target(s)).

Build succeeded.

Time Elapsed 00:00:07.62
