C:\SOURCE CODE\MESSMYPHOTO\DEBUG\MESSENGINE.DLL
C:\Source Code\MessMyPhoto\Debug\MessEngine.exp
C:\SOURCE CODE\MESSMYPHOTO\DEBUG\MESSENGINE.ILK
C:\Source Code\MessMyPhoto\Debug\MessEngine.lib
C:\SOURCE CODE\MESSMYPHOTO\DEBUG\MESSENGINE.PDB
C:\SOURCE CODE\MESSMYPHOTO\MESSENGINE\DEBUG\BARCODE.OBJ
C:\SOURCE CODE\MESSMYPHOTO\MESSENGINE\DEBUG\CARTOONEFFECT.OBJ
C:\SOURCE CODE\MESSMYPHOTO\MESSENGINE\DEBUG\CARTOONFILTER.OBJ
C:\Source Code\MessMyPhoto\MessEngine\Debug\cl.command.1.tlog
C:\Source Code\MessMyPhoto\MessEngine\Debug\CL.read.1.tlog
C:\Source Code\MessMyPhoto\MessEngine\Debug\CL.write.1.tlog
C:\SOURCE CODE\MESSMYPHOTO\MESSENGINE\DEBUG\CROSSPROCESS.OBJ
C:\SOURCE CODE\MESSMYPHOTO\MESSENGINE\DEBUG\CYBORGSKETCH.OBJ
C:\SOURCE CODE\MESSMYPHOTO\MESSENGINE\DEBUG\CYNOTYPE.OBJ
C:\SOURCE CODE\MESSMYPHOTO\MESSENGINE\DEBUG\DLLMAIN.OBJ
C:\SOURCE CODE\MESSMYPHOTO\MESSENGINE\DEBUG\DOGFILTER.OBJ
C:\SOURCE CODE\MESSMYPHOTO\MESSENGINE\DEBUG\FISHEYELENS.OBJ
C:\SOURCE CODE\MESSMYPHOTO\MESSENGINE\DEBUG\GLOBALHELPER.OBJ
C:\SOURCE CODE\MESSMYPHOTO\MESSENGINE\DEBUG\GOLDENGROSS.OBJ
C:\SOURCE CODE\MESSMYPHOTO\MESSENGINE\DEBUG\GREYSCALE.OBJ
C:\SOURCE CODE\MESSMYPHOTO\MESSENGINE\DEBUG\HDR.OBJ
C:\SOURCE CODE\MESSMYPHOTO\MESSENGINE\DEBUG\HOLGAART.OBJ
C:\SOURCE CODE\MESSMYPHOTO\MESSENGINE\DEBUG\HONEYMOON.OBJ
C:\SOURCE CODE\MESSMYPHOTO\MESSENGINE\DEBUG\INKIFY.OBJ
C:\SOURCE CODE\MESSMYPHOTO\MESSENGINE\DEBUG\JIGSAW.OBJ
C:\Source Code\MessMyPhoto\MessEngine\Debug\link.1548.read.1.tlog
C:\Source Code\MessMyPhoto\MessEngine\Debug\link.1548.write.1.tlog
C:\Source Code\MessMyPhoto\MessEngine\Debug\link.1548-cvtres.read.1.tlog
C:\Source Code\MessMyPhoto\MessEngine\Debug\link.1548-cvtres.write.1.tlog
C:\Source Code\MessMyPhoto\MessEngine\Debug\link.2196.read.1.tlog
C:\Source Code\MessMyPhoto\MessEngine\Debug\link.2196.write.1.tlog
C:\Source Code\MessMyPhoto\MessEngine\Debug\link.2196-cvtres.read.1.tlog
C:\Source Code\MessMyPhoto\MessEngine\Debug\link.2196-cvtres.write.1.tlog
C:\Source Code\MessMyPhoto\MessEngine\Debug\link.2896.read.1.tlog
C:\Source Code\MessMyPhoto\MessEngine\Debug\link.2896.write.1.tlog
C:\Source Code\MessMyPhoto\MessEngine\Debug\link.2896-cvtres.read.1.tlog
C:\Source Code\MessMyPhoto\MessEngine\Debug\link.2896-cvtres.write.1.tlog
C:\Source Code\MessMyPhoto\MessEngine\Debug\link.720.read.1.tlog
C:\Source Code\MessMyPhoto\MessEngine\Debug\link.720.write.1.tlog
C:\Source Code\MessMyPhoto\MessEngine\Debug\link.720-cvtres.read.1.tlog
C:\Source Code\MessMyPhoto\MessEngine\Debug\link.720-cvtres.write.1.tlog
C:\Source Code\MessMyPhoto\MessEngine\Debug\link.command.1.tlog
C:\Source Code\MessMyPhoto\MessEngine\Debug\link.read.1.tlog
C:\Source Code\MessMyPhoto\MessEngine\Debug\link.write.1.tlog
C:\Source Code\MessMyPhoto\MessEngine\Debug\link-cvtres.read.1.tlog
C:\Source Code\MessMyPhoto\MessEngine\Debug\link-cvtres.write.1.tlog
C:\SOURCE CODE\MESSMYPHOTO\MESSENGINE\DEBUG\MESSENGINE.DLL.EMBED.MANIFEST
C:\SOURCE CODE\MESSMYPHOTO\MESSENGINE\DEBUG\MESSENGINE.DLL.EMBED.MANIFEST.RES
C:\SOURCE CODE\MESSMYPHOTO\MESSENGINE\DEBUG\MESSENGINE.DLL.INTERMEDIATE.MANIFEST
C:\SOURCE CODE\MESSMYPHOTO\MESSENGINE\DEBUG\MESSENGINE.OBJ
C:\SOURCE CODE\MESSMYPHOTO\MESSENGINE\DEBUG\MESSENGINE.PCH
C:\Source Code\MessMyPhoto\MessEngine\Debug\MessEngine.write.1.tlog
C:\Source Code\MessMyPhoto\MessEngine\Debug\MessEngine_manifest.rc
C:\SOURCE CODE\MESSMYPHOTO\MESSENGINE\DEBUG\MOTHERNATURE.OBJ
C:\SOURCE CODE\MESSMYPHOTO\MESSENGINE\DEBUG\MOTIONBLUR.OBJ
C:\Source Code\MessMyPhoto\MessEngine\Debug\mt.command.1.tlog
C:\Source Code\MessMyPhoto\MessEngine\Debug\mt.read.1.tlog
C:\Source Code\MessMyPhoto\MessEngine\Debug\mt.write.1.tlog
C:\SOURCE CODE\MESSMYPHOTO\MESSENGINE\DEBUG\NIGHTVISION.OBJ
C:\SOURCE CODE\MESSMYPHOTO\MESSENGINE\DEBUG\OILPAINT.OBJ
C:\SOURCE CODE\MESSMYPHOTO\MESSENGINE\DEBUG\OLDPHOTO.OBJ
C:\SOURCE CODE\MESSMYPHOTO\MESSENGINE\DEBUG\PAINTERLY.OBJ
C:\SOURCE CODE\MESSMYPHOTO\MESSENGINE\DEBUG\PAINTERLYSKETCH.OBJ
C:\SOURCE CODE\MESSMYPHOTO\MESSENGINE\DEBUG\PATRONIZE.OBJ
C:\SOURCE CODE\MESSMYPHOTO\MESSENGINE\DEBUG\PERFECTSKETCH.OBJ
C:\Source Code\MessMyPhoto\MessEngine\Debug\rc.command.1.tlog
C:\Source Code\MessMyPhoto\MessEngine\Debug\rc.read.1.tlog
C:\Source Code\MessMyPhoto\MessEngine\Debug\rc.write.1.tlog
C:\SOURCE CODE\MESSMYPHOTO\MESSENGINE\DEBUG\REFLECTION.OBJ
C:\SOURCE CODE\MESSMYPHOTO\MESSENGINE\DEBUG\ROTATEINVERT.OBJ
C:\SOURCE CODE\MESSMYPHOTO\MESSENGINE\DEBUG\STDAFX.OBJ
C:\SOURCE CODE\MESSMYPHOTO\MESSENGINE\DEBUG\STENCILART.OBJ
C:\SOURCE CODE\MESSMYPHOTO\MESSENGINE\DEBUG\SUNBURST.OBJ
C:\SOURCE CODE\MESSMYPHOTO\MESSENGINE\DEBUG\THERMALDETECTOR.OBJ
C:\SOURCE CODE\MESSMYPHOTO\MESSENGINE\DEBUG\TIENDYE.OBJ
C:\Source Code\MessMyPhoto\MessEngine\Debug\vc100.idb
C:\SOURCE CODE\MESSMYPHOTO\MESSENGINE\DEBUG\VC100.PDB
C:\SOURCE CODE\MESSMYPHOTO\MESSENGINE\DEBUG\VINTAGE.OBJ
C:\SOURCE CODE\MESSMYPHOTO\MESSENGINE\DEBUG\WATERCOLOR.OBJ
