C:\SOURCE CODE\MESSMYPHOTO\MESSENGINE\RELEASE\BARCODE.OBJ
C:\SOURCE CODE\MESSMYPHOTO\MESSENGINE\RELEASE\CARTOONEFFECT.OBJ
C:\SOURCE CODE\MESSMYPHOTO\MESSENGINE\RELEASE\CARTOONFILTER.OBJ
C:\Source Code\MessMyPhoto\MessEngine\Release\cl.command.1.tlog
C:\Source Code\MessMyPhoto\MessEngine\Release\CL.read.1.tlog
C:\Source Code\MessMyPhoto\MessEngine\Release\CL.write.1.tlog
C:\SOURCE CODE\MESSMYPHOTO\MESSENGINE\RELEASE\CROSSPROCESS.OBJ
C:\SOURCE CODE\MESSMYPHOTO\MESSENGINE\RELEASE\CYBORGSKETCH.OBJ
C:\SOURCE CODE\MESSMYPHOTO\MESSENGINE\RELEASE\CYNOTYPE.OBJ
C:\SOURCE CODE\MESSMYPHOTO\MESSENGINE\RELEASE\DLLMAIN.OBJ
C:\SOURCE CODE\MESSMYPHOTO\MESSENGINE\RELEASE\DOGFILTER.OBJ
C:\SOURCE CODE\MESSMYPHOTO\MESSENGINE\RELEASE\FISHEYELENS.OBJ
C:\SOURCE CODE\MESSMYPHOTO\MESSENGINE\RELEASE\GLOBALHELPER.OBJ
C:\SOURCE CODE\MESSMYPHOTO\MESSENGINE\RELEASE\GOLDENGROSS.OBJ
C:\SOURCE CODE\MESSMYPHOTO\MESSENGINE\RELEASE\GREYSCALE.OBJ
C:\SOURCE CODE\MESSMYPHOTO\MESSENGINE\RELEASE\HDR.OBJ
C:\SOURCE CODE\MESSMYPHOTO\MESSENGINE\RELEASE\HOLGAART.OBJ
C:\SOURCE CODE\MESSMYPHOTO\MESSENGINE\RELEASE\HONEYMOON.OBJ
C:\SOURCE CODE\MESSMYPHOTO\MESSENGINE\RELEASE\INKIFY.OBJ
C:\SOURCE CODE\MESSMYPHOTO\MESSENGINE\RELEASE\JIGSAW.OBJ
C:\Source Code\MessMyPhoto\MessEngine\Release\link.command.1.tlog
C:\Source Code\MessMyPhoto\MessEngine\Release\link.read.1.tlog
C:\Source Code\MessMyPhoto\MessEngine\Release\link.write.1.tlog
C:\Source Code\MessMyPhoto\MessEngine\Release\link-cvtres.read.1.tlog
C:\Source Code\MessMyPhoto\MessEngine\Release\link-cvtres.write.1.tlog
C:\SOURCE CODE\MESSMYPHOTO\MESSENGINE\RELEASE\MESSENGINE.DLL.EMBED.MANIFEST
C:\SOURCE CODE\MESSMYPHOTO\MESSENGINE\RELEASE\MESSENGINE.DLL.EMBED.MANIFEST.RES
C:\SOURCE CODE\MESSMYPHOTO\MESSENGINE\RELEASE\MESSENGINE.DLL.INTERMEDIATE.MANIFEST
C:\SOURCE CODE\MESSMYPHOTO\MESSENGINE\RELEASE\MESSENGINE.OBJ
C:\SOURCE CODE\MESSMYPHOTO\MESSENGINE\RELEASE\MESSENGINE.PCH
C:\Source Code\MessMyPhoto\MessEngine\Release\MessEngine.write.1.tlog
C:\Source Code\MessMyPhoto\MessEngine\Release\MessEngine_manifest.rc
C:\SOURCE CODE\MESSMYPHOTO\MESSENGINE\RELEASE\MOTHERNATURE.OBJ
C:\SOURCE CODE\MESSMYPHOTO\MESSENGINE\RELEASE\MOTIONBLUR.OBJ
C:\Source Code\MessMyPhoto\MessEngine\Release\mt.command.1.tlog
C:\Source Code\MessMyPhoto\MessEngine\Release\mt.read.1.tlog
C:\Source Code\MessMyPhoto\MessEngine\Release\mt.write.1.tlog
C:\SOURCE CODE\MESSMYPHOTO\MESSENGINE\RELEASE\NIGHTVISION.OBJ
C:\SOURCE CODE\MESSMYPHOTO\MESSENGINE\RELEASE\OILPAINT.OBJ
C:\SOURCE CODE\MESSMYPHOTO\MESSENGINE\RELEASE\OLDPHOTO.OBJ
C:\SOURCE CODE\MESSMYPHOTO\MESSENGINE\RELEASE\PAINTERLY.OBJ
C:\SOURCE CODE\MESSMYPHOTO\MESSENGINE\RELEASE\PAINTERLYSKETCH.OBJ
C:\SOURCE CODE\MESSMYPHOTO\MESSENGINE\RELEASE\PATRONIZE.OBJ
C:\SOURCE CODE\MESSMYPHOTO\MESSENGINE\RELEASE\PERFECTSKETCH.OBJ
C:\Source Code\MessMyPhoto\MessEngine\Release\rc.command.1.tlog
C:\Source Code\MessMyPhoto\MessEngine\Release\rc.read.1.tlog
C:\Source Code\MessMyPhoto\MessEngine\Release\rc.write.1.tlog
C:\SOURCE CODE\MESSMYPHOTO\MESSENGINE\RELEASE\REFLECTION.OBJ
C:\SOURCE CODE\MESSMYPHOTO\MESSENGINE\RELEASE\ROTATEINVERT.OBJ
C:\SOURCE CODE\MESSMYPHOTO\MESSENGINE\RELEASE\STDAFX.OBJ
C:\SOURCE CODE\MESSMYPHOTO\MESSENGINE\RELEASE\STENCILART.OBJ
C:\SOURCE CODE\MESSMYPHOTO\MESSENGINE\RELEASE\SUNBURST.OBJ
C:\SOURCE CODE\MESSMYPHOTO\MESSENGINE\RELEASE\THERMALDETECTOR.OBJ
C:\SOURCE CODE\MESSMYPHOTO\MESSENGINE\RELEASE\TIENDYE.OBJ
C:\Source Code\MessMyPhoto\MessEngine\Release\vc100.idb
C:\SOURCE CODE\MESSMYPHOTO\MESSENGINE\RELEASE\VC100.PDB
C:\SOURCE CODE\MESSMYPHOTO\MESSENGINE\RELEASE\VINTAGE.OBJ
C:\SOURCE CODE\MESSMYPHOTO\MESSENGINE\RELEASE\WATERCOLOR.OBJ
C:\SOURCE CODE\MESSMYPHOTO\RELEASE\MESSENGINE.DLL
C:\Source Code\MessMyPhoto\Release\MessEngine.exp
C:\Source Code\MessMyPhoto\Release\MessEngine.lib
C:\SOURCE CODE\MESSMYPHOTO\RELEASE\MESSENGINE.PDB
